The target system is: Generic - 1 - sh
The host system is: Linux - 5.10.60.1-microsoft-standard-WSL2 - x86_64
Compiling the C compiler identification source file "CMakeCCompilerId.c" succeeded.
Compiler: /home/sylvain/opt/sh-elf-2.32-9.2.0/bin/sh-elf-gcc 
Build flags: 
Id flags: -c 

The output was:
0


Compilation of the C compiler identification source "CMakeCCompilerId.c" produced "CMakeCCompilerId.o"

The C compiler identification is GNU, found in "/home/sylvain/opt/Casio/Glacial/build-cg/CMakeFiles/3.16.3/CompilerIdC/CMakeCCompilerId.o"

Compiling the CXX compiler identification source file "CMakeCXXCompilerId.cpp" succeeded.
Compiler: /home/sylvain/opt/sh-elf-2.32-9.2.0/bin/sh-elf-g++ 
Build flags: 
Id flags: -c 

The output was:
0


Compilation of the CXX compiler identification source "CMakeCXXCompilerId.cpp" produced "CMakeCXXCompilerId.o"

The CXX compiler identification is GNU, found in "/home/sylvain/opt/Casio/Glacial/build-cg/CMakeFiles/3.16.3/CompilerIdCXX/CMakeCXXCompilerId.o"

Determining if the C compiler works passed with the following output:
Change Dir: /home/sylvain/opt/Casio/Glacial/build-cg/CMakeFiles/CMakeTmp

Run Build Command(s):/usr/bin/make cmTC_217f4/fast && /usr/bin/make -f CMakeFiles/cmTC_217f4.dir/build.make CMakeFiles/cmTC_217f4.dir/build
make[1]: Entering directory '/home/sylvain/opt/Casio/Glacial/build-cg/CMakeFiles/CMakeTmp'
Building C object CMakeFiles/cmTC_217f4.dir/testCCompiler.c.obj
/home/sylvain/opt/sh-elf-2.32-9.2.0/bin/sh-elf-gcc -DTARGET_FXCG50  -m4-nofpu -mb -ffreestanding -nostdlib -Wa,--dsp -o CMakeFiles/cmTC_217f4.dir/testCCompiler.c.obj   -c /home/sylvain/opt/Casio/Glacial/build-cg/CMakeFiles/CMakeTmp/testCCompiler.c
Linking C executable cmTC_217f4
/usr/bin/cmake -E cmake_link_script CMakeFiles/cmTC_217f4.dir/link.txt --verbose=1
/home/sylvain/opt/sh-elf-2.32-9.2.0/bin/sh-elf-gcc      -nostdlib CMakeFiles/cmTC_217f4.dir/testCCompiler.c.obj  -o cmTC_217f4  -lgcc 
/home/sylvain/opt/sh-elf-2.32-9.2.0/lib/gcc/sh3eb-elf/9.2.0/../../../../sh3eb-elf/bin/ld: warning: cannot find entry symbol start; defaulting to 0000000000001000
make[1]: Leaving directory '/home/sylvain/opt/Casio/Glacial/build-cg/CMakeFiles/CMakeTmp'



Detecting C compiler ABI info compiled with the following output:
Change Dir: /home/sylvain/opt/Casio/Glacial/build-cg/CMakeFiles/CMakeTmp

Run Build Command(s):/usr/bin/make cmTC_e3c0f/fast && /usr/bin/make -f CMakeFiles/cmTC_e3c0f.dir/build.make CMakeFiles/cmTC_e3c0f.dir/build
make[1]: Entering directory '/home/sylvain/opt/Casio/Glacial/build-cg/CMakeFiles/CMakeTmp'
Building C object CMakeFiles/cmTC_e3c0f.dir/CMakeCCompilerABI.c.obj
/home/sylvain/opt/sh-elf-2.32-9.2.0/bin/sh-elf-gcc -DTARGET_FXCG50  -v -m4-nofpu -mb -ffreestanding -nostdlib -Wa,--dsp -o CMakeFiles/cmTC_e3c0f.dir/CMakeCCompilerABI.c.obj   -c /usr/share/cmake-3.16/Modules/CMakeCCompilerABI.c
Using built-in specs.
COLLECT_GCC=/home/sylvain/opt/sh-elf-2.32-9.2.0/bin/sh-elf-gcc
Target: sh3eb-elf
Configured with: ../gcc-9.2.0/configure --prefix=/home/sylvain/opt/sh-elf-2.32-9.2.0 --target=sh3eb-elf --with-multilib-list=m3,m4-nofpu --enable-languages=c,c++ --without-headers --with-newlib --disable-nls --program-prefix=sh-elf-
Thread model: single
gcc version 9.2.0 (GCC) 
COLLECT_GCC_OPTIONS='-D' 'TARGET_FXCG50' '-v' '-m4-nofpu' '-mb' '-ffreestanding' '-nostdlib' '-o' 'CMakeFiles/cmTC_e3c0f.dir/CMakeCCompilerABI.c.obj' '-c'
 /home/sylvain/opt/sh-elf-2.32-9.2.0/libexec/gcc/sh3eb-elf/9.2.0/cc1 -quiet -v -imultilib m4-nofpu -D TARGET_FXCG50 /usr/share/cmake-3.16/Modules/CMakeCCompilerABI.c -quiet -dumpbase CMakeCCompilerABI.c -m4-nofpu -mb -auxbase-strip CMakeFiles/cmTC_e3c0f.dir/CMakeCCompilerABI.c.obj -version -ffreestanding -o /tmp/ccNibTSD.s
GNU C17 (GCC) version 9.2.0 (sh3eb-elf)
	compiled by GNU C version 9.3.0, GMP version 6.2.0, MPFR version 4.0.2, MPC version 1.1.0, isl version none
GGC heuristics: --param ggc-min-expand=100 --param ggc-min-heapsize=131072
ignoring nonexistent directory "/home/sylvain/opt/sh-elf-2.32-9.2.0/lib/gcc/sh3eb-elf/9.2.0/../../../../sh3eb-elf/sys-include"
ignoring nonexistent directory "/home/sylvain/opt/sh-elf-2.32-9.2.0/lib/gcc/sh3eb-elf/9.2.0/../../../../sh3eb-elf/include"
#include "..." search starts here:
#include <...> search starts here:
 /home/sylvain/opt/sh-elf-2.32-9.2.0/lib/gcc/sh3eb-elf/9.2.0/include
 /home/sylvain/opt/sh-elf-2.32-9.2.0/lib/gcc/sh3eb-elf/9.2.0/include-fixed
End of search list.
GNU C17 (GCC) version 9.2.0 (sh3eb-elf)
	compiled by GNU C version 9.3.0, GMP version 6.2.0, MPFR version 4.0.2, MPC version 1.1.0, isl version none
GGC heuristics: --param ggc-min-expand=100 --param ggc-min-heapsize=131072
Compiler executable checksum: 263a01a83d1438d35a4f7b1f4c28e6fa
COLLECT_GCC_OPTIONS='-D' 'TARGET_FXCG50' '-v' '-m4-nofpu' '-mb' '-ffreestanding' '-nostdlib' '-o' 'CMakeFiles/cmTC_e3c0f.dir/CMakeCCompilerABI.c.obj' '-c'
 /home/sylvain/opt/sh-elf-2.32-9.2.0/lib/gcc/sh3eb-elf/9.2.0/../../../../sh3eb-elf/bin/as -big --isa=sh4a-nofpu --dsp -o CMakeFiles/cmTC_e3c0f.dir/CMakeCCompilerABI.c.obj /tmp/ccNibTSD.s
COMPILER_PATH=/home/sylvain/opt/sh-elf-2.32-9.2.0/libexec/gcc/sh3eb-elf/9.2.0/:/home/sylvain/opt/sh-elf-2.32-9.2.0/libexec/gcc/sh3eb-elf/9.2.0/:/home/sylvain/opt/sh-elf-2.32-9.2.0/libexec/gcc/sh3eb-elf/:/home/sylvain/opt/sh-elf-2.32-9.2.0/lib/gcc/sh3eb-elf/9.2.0/:/home/sylvain/opt/sh-elf-2.32-9.2.0/lib/gcc/sh3eb-elf/:/home/sylvain/opt/sh-elf-2.32-9.2.0/lib/gcc/sh3eb-elf/9.2.0/../../../../sh3eb-elf/bin/
LIBRARY_PATH=/home/sylvain/opt/sh-elf-2.32-9.2.0/lib/gcc/sh3eb-elf/9.2.0/m4-nofpu/:/home/sylvain/opt/sh-elf-2.32-9.2.0/lib/gcc/sh3eb-elf/9.2.0/:/home/sylvain/opt/sh-elf-2.32-9.2.0/lib/gcc/sh3eb-elf/9.2.0/../../../../sh3eb-elf/lib/
COLLECT_GCC_OPTIONS='-D' 'TARGET_FXCG50' '-v' '-m4-nofpu' '-mb' '-ffreestanding' '-nostdlib' '-o' 'CMakeFiles/cmTC_e3c0f.dir/CMakeCCompilerABI.c.obj' '-c'
Linking C executable cmTC_e3c0f
/usr/bin/cmake -E cmake_link_script CMakeFiles/cmTC_e3c0f.dir/link.txt --verbose=1
/home/sylvain/opt/sh-elf-2.32-9.2.0/bin/sh-elf-gcc     -v -nostdlib CMakeFiles/cmTC_e3c0f.dir/CMakeCCompilerABI.c.obj  -o cmTC_e3c0f  -lgcc 
Using built-in specs.
COLLECT_GCC=/home/sylvain/opt/sh-elf-2.32-9.2.0/bin/sh-elf-gcc
COLLECT_LTO_WRAPPER=/home/sylvain/opt/sh-elf-2.32-9.2.0/libexec/gcc/sh3eb-elf/9.2.0/lto-wrapper
Target: sh3eb-elf
Configured with: ../gcc-9.2.0/configure --prefix=/home/sylvain/opt/sh-elf-2.32-9.2.0 --target=sh3eb-elf --with-multilib-list=m3,m4-nofpu --enable-languages=c,c++ --without-headers --with-newlib --disable-nls --program-prefix=sh-elf-
Thread model: single
gcc version 9.2.0 (GCC) 
COMPILER_PATH=/home/sylvain/opt/sh-elf-2.32-9.2.0/libexec/gcc/sh3eb-elf/9.2.0/:/home/sylvain/opt/sh-elf-2.32-9.2.0/libexec/gcc/sh3eb-elf/9.2.0/:/home/sylvain/opt/sh-elf-2.32-9.2.0/libexec/gcc/sh3eb-elf/:/home/sylvain/opt/sh-elf-2.32-9.2.0/lib/gcc/sh3eb-elf/9.2.0/:/home/sylvain/opt/sh-elf-2.32-9.2.0/lib/gcc/sh3eb-elf/:/home/sylvain/opt/sh-elf-2.32-9.2.0/lib/gcc/sh3eb-elf/9.2.0/../../../../sh3eb-elf/bin/
LIBRARY_PATH=/home/sylvain/opt/sh-elf-2.32-9.2.0/lib/gcc/sh3eb-elf/9.2.0/:/home/sylvain/opt/sh-elf-2.32-9.2.0/lib/gcc/sh3eb-elf/9.2.0/../../../../sh3eb-elf/lib/
COLLECT_GCC_OPTIONS='-v' '-nostdlib' '-o' 'cmTC_e3c0f'
 /home/sylvain/opt/sh-elf-2.32-9.2.0/libexec/gcc/sh3eb-elf/9.2.0/collect2 -plugin /home/sylvain/opt/sh-elf-2.32-9.2.0/libexec/gcc/sh3eb-elf/9.2.0/liblto_plugin.so -plugin-opt=/home/sylvain/opt/sh-elf-2.32-9.2.0/libexec/gcc/sh3eb-elf/9.2.0/lto-wrapper -plugin-opt=-fresolution=/tmp/ccIrXCj7.res -m shelf -o cmTC_e3c0f -L/home/sylvain/opt/sh-elf-2.32-9.2.0/lib/gcc/sh3eb-elf/9.2.0 -L/home/sylvain/opt/sh-elf-2.32-9.2.0/lib/gcc/sh3eb-elf/9.2.0/../../../../sh3eb-elf/lib CMakeFiles/cmTC_e3c0f.dir/CMakeCCompilerABI.c.obj -lgcc
/home/sylvain/opt/sh-elf-2.32-9.2.0/lib/gcc/sh3eb-elf/9.2.0/../../../../sh3eb-elf/bin/ld: warning: cannot find entry symbol start; defaulting to 0000000000001000
COLLECT_GCC_OPTIONS='-v' '-nostdlib' '-o' 'cmTC_e3c0f'
make[1]: Leaving directory '/home/sylvain/opt/Casio/Glacial/build-cg/CMakeFiles/CMakeTmp'



Parsed C implicit include dir info from above output: rv=done
  found start of include info
  found start of implicit include info
    add: [/home/sylvain/opt/sh-elf-2.32-9.2.0/lib/gcc/sh3eb-elf/9.2.0/include]
    add: [/home/sylvain/opt/sh-elf-2.32-9.2.0/lib/gcc/sh3eb-elf/9.2.0/include-fixed]
  end of search list found
  collapse include dir [/home/sylvain/opt/sh-elf-2.32-9.2.0/lib/gcc/sh3eb-elf/9.2.0/include] ==> [/home/sylvain/opt/sh-elf-2.32-9.2.0/lib/gcc/sh3eb-elf/9.2.0/include]
  collapse include dir [/home/sylvain/opt/sh-elf-2.32-9.2.0/lib/gcc/sh3eb-elf/9.2.0/include-fixed] ==> [/home/sylvain/opt/sh-elf-2.32-9.2.0/lib/gcc/sh3eb-elf/9.2.0/include-fixed]
  implicit include dirs: [/home/sylvain/opt/sh-elf-2.32-9.2.0/lib/gcc/sh3eb-elf/9.2.0/include;/home/sylvain/opt/sh-elf-2.32-9.2.0/lib/gcc/sh3eb-elf/9.2.0/include-fixed]


Parsed C implicit link information from above output:
  link line regex: [^( *|.*[/\])(sh-elf-ld|CMAKE_LINK_STARTFILE-NOTFOUND|([^/\]+-)?ld|collect2)[^/\]*( |$)]
  ignore line: [Change Dir: /home/sylvain/opt/Casio/Glacial/build-cg/CMakeFiles/CMakeTmp]
  ignore line: []
  ignore line: [Run Build Command(s):/usr/bin/make cmTC_e3c0f/fast && /usr/bin/make -f CMakeFiles/cmTC_e3c0f.dir/build.make CMakeFiles/cmTC_e3c0f.dir/build]
  ignore line: [make[1]: Entering directory '/home/sylvain/opt/Casio/Glacial/build-cg/CMakeFiles/CMakeTmp']
  ignore line: [Building C object CMakeFiles/cmTC_e3c0f.dir/CMakeCCompilerABI.c.obj]
  ignore line: [/home/sylvain/opt/sh-elf-2.32-9.2.0/bin/sh-elf-gcc -DTARGET_FXCG50  -v -m4-nofpu -mb -ffreestanding -nostdlib -Wa --dsp -o CMakeFiles/cmTC_e3c0f.dir/CMakeCCompilerABI.c.obj   -c /usr/share/cmake-3.16/Modules/CMakeCCompilerABI.c]
  ignore line: [Using built-in specs.]
  ignore line: [COLLECT_GCC=/home/sylvain/opt/sh-elf-2.32-9.2.0/bin/sh-elf-gcc]
  ignore line: [Target: sh3eb-elf]
  ignore line: [Configured with: ../gcc-9.2.0/configure --prefix=/home/sylvain/opt/sh-elf-2.32-9.2.0 --target=sh3eb-elf --with-multilib-list=m3 m4-nofpu --enable-languages=c c++ --without-headers --with-newlib --disable-nls --program-prefix=sh-elf-]
  ignore line: [Thread model: single]
  ignore line: [gcc version 9.2.0 (GCC) ]
  ignore line: [COLLECT_GCC_OPTIONS='-D' 'TARGET_FXCG50' '-v' '-m4-nofpu' '-mb' '-ffreestanding' '-nostdlib' '-o' 'CMakeFiles/cmTC_e3c0f.dir/CMakeCCompilerABI.c.obj' '-c']
  ignore line: [ /home/sylvain/opt/sh-elf-2.32-9.2.0/libexec/gcc/sh3eb-elf/9.2.0/cc1 -quiet -v -imultilib m4-nofpu -D TARGET_FXCG50 /usr/share/cmake-3.16/Modules/CMakeCCompilerABI.c -quiet -dumpbase CMakeCCompilerABI.c -m4-nofpu -mb -auxbase-strip CMakeFiles/cmTC_e3c0f.dir/CMakeCCompilerABI.c.obj -version -ffreestanding -o /tmp/ccNibTSD.s]
  ignore line: [GNU C17 (GCC) version 9.2.0 (sh3eb-elf)]
  ignore line: [	compiled by GNU C version 9.3.0  GMP version 6.2.0  MPFR version 4.0.2  MPC version 1.1.0  isl version none]
  ignore line: [GGC heuristics: --param ggc-min-expand=100 --param ggc-min-heapsize=131072]
  ignore line: [ignoring nonexistent directory "/home/sylvain/opt/sh-elf-2.32-9.2.0/lib/gcc/sh3eb-elf/9.2.0/../../../../sh3eb-elf/sys-include"]
  ignore line: [ignoring nonexistent directory "/home/sylvain/opt/sh-elf-2.32-9.2.0/lib/gcc/sh3eb-elf/9.2.0/../../../../sh3eb-elf/include"]
  ignore line: [#include "..." search starts here:]
  ignore line: [#include <...> search starts here:]
  ignore line: [ /home/sylvain/opt/sh-elf-2.32-9.2.0/lib/gcc/sh3eb-elf/9.2.0/include]
  ignore line: [ /home/sylvain/opt/sh-elf-2.32-9.2.0/lib/gcc/sh3eb-elf/9.2.0/include-fixed]
  ignore line: [End of search list.]
  ignore line: [GNU C17 (GCC) version 9.2.0 (sh3eb-elf)]
  ignore line: [	compiled by GNU C version 9.3.0  GMP version 6.2.0  MPFR version 4.0.2  MPC version 1.1.0  isl version none]
  ignore line: [GGC heuristics: --param ggc-min-expand=100 --param ggc-min-heapsize=131072]
  ignore line: [Compiler executable checksum: 263a01a83d1438d35a4f7b1f4c28e6fa]
  ignore line: [COLLECT_GCC_OPTIONS='-D' 'TARGET_FXCG50' '-v' '-m4-nofpu' '-mb' '-ffreestanding' '-nostdlib' '-o' 'CMakeFiles/cmTC_e3c0f.dir/CMakeCCompilerABI.c.obj' '-c']
  ignore line: [ /home/sylvain/opt/sh-elf-2.32-9.2.0/lib/gcc/sh3eb-elf/9.2.0/../../../../sh3eb-elf/bin/as -big --isa=sh4a-nofpu --dsp -o CMakeFiles/cmTC_e3c0f.dir/CMakeCCompilerABI.c.obj /tmp/ccNibTSD.s]
  ignore line: [COMPILER_PATH=/home/sylvain/opt/sh-elf-2.32-9.2.0/libexec/gcc/sh3eb-elf/9.2.0/:/home/sylvain/opt/sh-elf-2.32-9.2.0/libexec/gcc/sh3eb-elf/9.2.0/:/home/sylvain/opt/sh-elf-2.32-9.2.0/libexec/gcc/sh3eb-elf/:/home/sylvain/opt/sh-elf-2.32-9.2.0/lib/gcc/sh3eb-elf/9.2.0/:/home/sylvain/opt/sh-elf-2.32-9.2.0/lib/gcc/sh3eb-elf/:/home/sylvain/opt/sh-elf-2.32-9.2.0/lib/gcc/sh3eb-elf/9.2.0/../../../../sh3eb-elf/bin/]
  ignore line: [LIBRARY_PATH=/home/sylvain/opt/sh-elf-2.32-9.2.0/lib/gcc/sh3eb-elf/9.2.0/m4-nofpu/:/home/sylvain/opt/sh-elf-2.32-9.2.0/lib/gcc/sh3eb-elf/9.2.0/:/home/sylvain/opt/sh-elf-2.32-9.2.0/lib/gcc/sh3eb-elf/9.2.0/../../../../sh3eb-elf/lib/]
  ignore line: [COLLECT_GCC_OPTIONS='-D' 'TARGET_FXCG50' '-v' '-m4-nofpu' '-mb' '-ffreestanding' '-nostdlib' '-o' 'CMakeFiles/cmTC_e3c0f.dir/CMakeCCompilerABI.c.obj' '-c']
  ignore line: [Linking C executable cmTC_e3c0f]
  ignore line: [/usr/bin/cmake -E cmake_link_script CMakeFiles/cmTC_e3c0f.dir/link.txt --verbose=1]
  ignore line: [/home/sylvain/opt/sh-elf-2.32-9.2.0/bin/sh-elf-gcc     -v -nostdlib CMakeFiles/cmTC_e3c0f.dir/CMakeCCompilerABI.c.obj  -o cmTC_e3c0f  -lgcc ]
  ignore line: [Using built-in specs.]
  ignore line: [COLLECT_GCC=/home/sylvain/opt/sh-elf-2.32-9.2.0/bin/sh-elf-gcc]
  ignore line: [COLLECT_LTO_WRAPPER=/home/sylvain/opt/sh-elf-2.32-9.2.0/libexec/gcc/sh3eb-elf/9.2.0/lto-wrapper]
  ignore line: [Target: sh3eb-elf]
  ignore line: [Configured with: ../gcc-9.2.0/configure --prefix=/home/sylvain/opt/sh-elf-2.32-9.2.0 --target=sh3eb-elf --with-multilib-list=m3 m4-nofpu --enable-languages=c c++ --without-headers --with-newlib --disable-nls --program-prefix=sh-elf-]
  ignore line: [Thread model: single]
  ignore line: [gcc version 9.2.0 (GCC) ]
  ignore line: [COMPILER_PATH=/home/sylvain/opt/sh-elf-2.32-9.2.0/libexec/gcc/sh3eb-elf/9.2.0/:/home/sylvain/opt/sh-elf-2.32-9.2.0/libexec/gcc/sh3eb-elf/9.2.0/:/home/sylvain/opt/sh-elf-2.32-9.2.0/libexec/gcc/sh3eb-elf/:/home/sylvain/opt/sh-elf-2.32-9.2.0/lib/gcc/sh3eb-elf/9.2.0/:/home/sylvain/opt/sh-elf-2.32-9.2.0/lib/gcc/sh3eb-elf/:/home/sylvain/opt/sh-elf-2.32-9.2.0/lib/gcc/sh3eb-elf/9.2.0/../../../../sh3eb-elf/bin/]
  ignore line: [LIBRARY_PATH=/home/sylvain/opt/sh-elf-2.32-9.2.0/lib/gcc/sh3eb-elf/9.2.0/:/home/sylvain/opt/sh-elf-2.32-9.2.0/lib/gcc/sh3eb-elf/9.2.0/../../../../sh3eb-elf/lib/]
  ignore line: [COLLECT_GCC_OPTIONS='-v' '-nostdlib' '-o' 'cmTC_e3c0f']
  link line: [ /home/sylvain/opt/sh-elf-2.32-9.2.0/libexec/gcc/sh3eb-elf/9.2.0/collect2 -plugin /home/sylvain/opt/sh-elf-2.32-9.2.0/libexec/gcc/sh3eb-elf/9.2.0/liblto_plugin.so -plugin-opt=/home/sylvain/opt/sh-elf-2.32-9.2.0/libexec/gcc/sh3eb-elf/9.2.0/lto-wrapper -plugin-opt=-fresolution=/tmp/ccIrXCj7.res -m shelf -o cmTC_e3c0f -L/home/sylvain/opt/sh-elf-2.32-9.2.0/lib/gcc/sh3eb-elf/9.2.0 -L/home/sylvain/opt/sh-elf-2.32-9.2.0/lib/gcc/sh3eb-elf/9.2.0/../../../../sh3eb-elf/lib CMakeFiles/cmTC_e3c0f.dir/CMakeCCompilerABI.c.obj -lgcc]
    arg [/home/sylvain/opt/sh-elf-2.32-9.2.0/libexec/gcc/sh3eb-elf/9.2.0/collect2] ==> ignore
    arg [-plugin] ==> ignore
    arg [/home/sylvain/opt/sh-elf-2.32-9.2.0/libexec/gcc/sh3eb-elf/9.2.0/liblto_plugin.so] ==> ignore
    arg [-plugin-opt=/home/sylvain/opt/sh-elf-2.32-9.2.0/libexec/gcc/sh3eb-elf/9.2.0/lto-wrapper] ==> ignore
    arg [-plugin-opt=-fresolution=/tmp/ccIrXCj7.res] ==> ignore
    arg [-m] ==> ignore
    arg [shelf] ==> ignore
    arg [-o] ==> ignore
    arg [cmTC_e3c0f] ==> ignore
    arg [-L/home/sylvain/opt/sh-elf-2.32-9.2.0/lib/gcc/sh3eb-elf/9.2.0] ==> dir [/home/sylvain/opt/sh-elf-2.32-9.2.0/lib/gcc/sh3eb-elf/9.2.0]
    arg [-L/home/sylvain/opt/sh-elf-2.32-9.2.0/lib/gcc/sh3eb-elf/9.2.0/../../../../sh3eb-elf/lib] ==> dir [/home/sylvain/opt/sh-elf-2.32-9.2.0/lib/gcc/sh3eb-elf/9.2.0/../../../../sh3eb-elf/lib]
    arg [CMakeFiles/cmTC_e3c0f.dir/CMakeCCompilerABI.c.obj] ==> ignore
    arg [-lgcc] ==> lib [gcc]
  collapse library dir [/home/sylvain/opt/sh-elf-2.32-9.2.0/lib/gcc/sh3eb-elf/9.2.0] ==> [/home/sylvain/opt/sh-elf-2.32-9.2.0/lib/gcc/sh3eb-elf/9.2.0]
  collapse library dir [/home/sylvain/opt/sh-elf-2.32-9.2.0/lib/gcc/sh3eb-elf/9.2.0/../../../../sh3eb-elf/lib] ==> [/home/sylvain/opt/sh-elf-2.32-9.2.0/sh3eb-elf/lib]
  implicit libs: [gcc]
  implicit dirs: [/home/sylvain/opt/sh-elf-2.32-9.2.0/lib/gcc/sh3eb-elf/9.2.0;/home/sylvain/opt/sh-elf-2.32-9.2.0/sh3eb-elf/lib]
  implicit fwks: []


Determining if the CXX compiler works passed with the following output:
Change Dir: /home/sylvain/opt/Casio/Glacial/build-cg/CMakeFiles/CMakeTmp

Run Build Command(s):/usr/bin/make cmTC_cacf9/fast && /usr/bin/make -f CMakeFiles/cmTC_cacf9.dir/build.make CMakeFiles/cmTC_cacf9.dir/build
make[1]: Entering directory '/home/sylvain/opt/Casio/Glacial/build-cg/CMakeFiles/CMakeTmp'
Building CXX object CMakeFiles/cmTC_cacf9.dir/testCXXCompiler.cxx.obj
/home/sylvain/opt/sh-elf-2.32-9.2.0/bin/sh-elf-g++  -DTARGET_FXCG50  -m4-nofpu -mb -ffreestanding -nostdlib -Wa,--dsp -o CMakeFiles/cmTC_cacf9.dir/testCXXCompiler.cxx.obj -c /home/sylvain/opt/Casio/Glacial/build-cg/CMakeFiles/CMakeTmp/testCXXCompiler.cxx
Linking CXX executable cmTC_cacf9
/usr/bin/cmake -E cmake_link_script CMakeFiles/cmTC_cacf9.dir/link.txt --verbose=1
/home/sylvain/opt/sh-elf-2.32-9.2.0/bin/sh-elf-g++       -nostdlib CMakeFiles/cmTC_cacf9.dir/testCXXCompiler.cxx.obj  -o cmTC_cacf9  -lgcc 
/home/sylvain/opt/sh-elf-2.32-9.2.0/lib/gcc/sh3eb-elf/9.2.0/../../../../sh3eb-elf/bin/ld: warning: cannot find entry symbol start; defaulting to 0000000000001000
make[1]: Leaving directory '/home/sylvain/opt/Casio/Glacial/build-cg/CMakeFiles/CMakeTmp'



Detecting CXX compiler ABI info compiled with the following output:
Change Dir: /home/sylvain/opt/Casio/Glacial/build-cg/CMakeFiles/CMakeTmp

Run Build Command(s):/usr/bin/make cmTC_df632/fast && /usr/bin/make -f CMakeFiles/cmTC_df632.dir/build.make CMakeFiles/cmTC_df632.dir/build
make[1]: Entering directory '/home/sylvain/opt/Casio/Glacial/build-cg/CMakeFiles/CMakeTmp'
Building CXX object CMakeFiles/cmTC_df632.dir/CMakeCXXCompilerABI.cpp.obj
/home/sylvain/opt/sh-elf-2.32-9.2.0/bin/sh-elf-g++  -DTARGET_FXCG50  -v -m4-nofpu -mb -ffreestanding -nostdlib -Wa,--dsp -o CMakeFiles/cmTC_df632.dir/CMakeCXXCompilerABI.cpp.obj -c /usr/share/cmake-3.16/Modules/CMakeCXXCompilerABI.cpp
Using built-in specs.
COLLECT_GCC=/home/sylvain/opt/sh-elf-2.32-9.2.0/bin/sh-elf-g++
Target: sh3eb-elf
Configured with: ../gcc-9.2.0/configure --prefix=/home/sylvain/opt/sh-elf-2.32-9.2.0 --target=sh3eb-elf --with-multilib-list=m3,m4-nofpu --enable-languages=c,c++ --without-headers --with-newlib --disable-nls --program-prefix=sh-elf-
Thread model: single
gcc version 9.2.0 (GCC) 
COLLECT_GCC_OPTIONS='-D' 'TARGET_FXCG50' '-v' '-m4-nofpu' '-mb' '-ffreestanding' '-nostdlib' '-o' 'CMakeFiles/cmTC_df632.dir/CMakeCXXCompilerABI.cpp.obj' '-c'
 /home/sylvain/opt/sh-elf-2.32-9.2.0/libexec/gcc/sh3eb-elf/9.2.0/cc1plus -quiet -v -imultilib m4-nofpu -D TARGET_FXCG50 /usr/share/cmake-3.16/Modules/CMakeCXXCompilerABI.cpp -quiet -dumpbase CMakeCXXCompilerABI.cpp -m4-nofpu -mb -auxbase-strip CMakeFiles/cmTC_df632.dir/CMakeCXXCompilerABI.cpp.obj -version -ffreestanding -o /tmp/cckIC1zL.s
GNU C++14 (GCC) version 9.2.0 (sh3eb-elf)
	compiled by GNU C version 9.3.0, GMP version 6.2.0, MPFR version 4.0.2, MPC version 1.1.0, isl version none
GGC heuristics: --param ggc-min-expand=100 --param ggc-min-heapsize=131072
ignoring nonexistent directory "/home/sylvain/opt/sh-elf-2.32-9.2.0/lib/gcc/sh3eb-elf/9.2.0/../../../../sh3eb-elf/include/c++/9.2.0"
ignoring nonexistent directory "/home/sylvain/opt/sh-elf-2.32-9.2.0/lib/gcc/sh3eb-elf/9.2.0/../../../../sh3eb-elf/include/c++/9.2.0/sh3eb-elf/m4-nofpu"
ignoring nonexistent directory "/home/sylvain/opt/sh-elf-2.32-9.2.0/lib/gcc/sh3eb-elf/9.2.0/../../../../sh3eb-elf/include/c++/9.2.0/backward"
ignoring nonexistent directory "/home/sylvain/opt/sh-elf-2.32-9.2.0/lib/gcc/sh3eb-elf/9.2.0/../../../../sh3eb-elf/sys-include"
ignoring nonexistent directory "/home/sylvain/opt/sh-elf-2.32-9.2.0/lib/gcc/sh3eb-elf/9.2.0/../../../../sh3eb-elf/include"
#include "..." search starts here:
#include <...> search starts here:
 /home/sylvain/opt/sh-elf-2.32-9.2.0/lib/gcc/sh3eb-elf/9.2.0/include
 /home/sylvain/opt/sh-elf-2.32-9.2.0/lib/gcc/sh3eb-elf/9.2.0/include-fixed
End of search list.
GNU C++14 (GCC) version 9.2.0 (sh3eb-elf)
	compiled by GNU C version 9.3.0, GMP version 6.2.0, MPFR version 4.0.2, MPC version 1.1.0, isl version none
GGC heuristics: --param ggc-min-expand=100 --param ggc-min-heapsize=131072
Compiler executable checksum: e299f0ad84e9d95d57cc91643b471d48
COLLECT_GCC_OPTIONS='-D' 'TARGET_FXCG50' '-v' '-m4-nofpu' '-mb' '-ffreestanding' '-nostdlib' '-o' 'CMakeFiles/cmTC_df632.dir/CMakeCXXCompilerABI.cpp.obj' '-c'
 /home/sylvain/opt/sh-elf-2.32-9.2.0/lib/gcc/sh3eb-elf/9.2.0/../../../../sh3eb-elf/bin/as -big --isa=sh4a-nofpu --dsp -o CMakeFiles/cmTC_df632.dir/CMakeCXXCompilerABI.cpp.obj /tmp/cckIC1zL.s
COMPILER_PATH=/home/sylvain/opt/sh-elf-2.32-9.2.0/libexec/gcc/sh3eb-elf/9.2.0/:/home/sylvain/opt/sh-elf-2.32-9.2.0/libexec/gcc/sh3eb-elf/9.2.0/:/home/sylvain/opt/sh-elf-2.32-9.2.0/libexec/gcc/sh3eb-elf/:/home/sylvain/opt/sh-elf-2.32-9.2.0/lib/gcc/sh3eb-elf/9.2.0/:/home/sylvain/opt/sh-elf-2.32-9.2.0/lib/gcc/sh3eb-elf/:/home/sylvain/opt/sh-elf-2.32-9.2.0/lib/gcc/sh3eb-elf/9.2.0/../../../../sh3eb-elf/bin/
LIBRARY_PATH=/home/sylvain/opt/sh-elf-2.32-9.2.0/lib/gcc/sh3eb-elf/9.2.0/m4-nofpu/:/home/sylvain/opt/sh-elf-2.32-9.2.0/lib/gcc/sh3eb-elf/9.2.0/:/home/sylvain/opt/sh-elf-2.32-9.2.0/lib/gcc/sh3eb-elf/9.2.0/../../../../sh3eb-elf/lib/
COLLECT_GCC_OPTIONS='-D' 'TARGET_FXCG50' '-v' '-m4-nofpu' '-mb' '-ffreestanding' '-nostdlib' '-o' 'CMakeFiles/cmTC_df632.dir/CMakeCXXCompilerABI.cpp.obj' '-c'
Linking CXX executable cmTC_df632
/usr/bin/cmake -E cmake_link_script CMakeFiles/cmTC_df632.dir/link.txt --verbose=1
/home/sylvain/opt/sh-elf-2.32-9.2.0/bin/sh-elf-g++      -v -nostdlib CMakeFiles/cmTC_df632.dir/CMakeCXXCompilerABI.cpp.obj  -o cmTC_df632  -lgcc 
Using built-in specs.
COLLECT_GCC=/home/sylvain/opt/sh-elf-2.32-9.2.0/bin/sh-elf-g++
COLLECT_LTO_WRAPPER=/home/sylvain/opt/sh-elf-2.32-9.2.0/libexec/gcc/sh3eb-elf/9.2.0/lto-wrapper
Target: sh3eb-elf
Configured with: ../gcc-9.2.0/configure --prefix=/home/sylvain/opt/sh-elf-2.32-9.2.0 --target=sh3eb-elf --with-multilib-list=m3,m4-nofpu --enable-languages=c,c++ --without-headers --with-newlib --disable-nls --program-prefix=sh-elf-
Thread model: single
gcc version 9.2.0 (GCC) 
COMPILER_PATH=/home/sylvain/opt/sh-elf-2.32-9.2.0/libexec/gcc/sh3eb-elf/9.2.0/:/home/sylvain/opt/sh-elf-2.32-9.2.0/libexec/gcc/sh3eb-elf/9.2.0/:/home/sylvain/opt/sh-elf-2.32-9.2.0/libexec/gcc/sh3eb-elf/:/home/sylvain/opt/sh-elf-2.32-9.2.0/lib/gcc/sh3eb-elf/9.2.0/:/home/sylvain/opt/sh-elf-2.32-9.2.0/lib/gcc/sh3eb-elf/:/home/sylvain/opt/sh-elf-2.32-9.2.0/lib/gcc/sh3eb-elf/9.2.0/../../../../sh3eb-elf/bin/
LIBRARY_PATH=/home/sylvain/opt/sh-elf-2.32-9.2.0/lib/gcc/sh3eb-elf/9.2.0/:/home/sylvain/opt/sh-elf-2.32-9.2.0/lib/gcc/sh3eb-elf/9.2.0/../../../../sh3eb-elf/lib/
COLLECT_GCC_OPTIONS='-v' '-nostdlib' '-o' 'cmTC_df632'
 /home/sylvain/opt/sh-elf-2.32-9.2.0/libexec/gcc/sh3eb-elf/9.2.0/collect2 -plugin /home/sylvain/opt/sh-elf-2.32-9.2.0/libexec/gcc/sh3eb-elf/9.2.0/liblto_plugin.so -plugin-opt=/home/sylvain/opt/sh-elf-2.32-9.2.0/libexec/gcc/sh3eb-elf/9.2.0/lto-wrapper -plugin-opt=-fresolution=/tmp/ccvAsNgf.res -m shelf -o cmTC_df632 -L/home/sylvain/opt/sh-elf-2.32-9.2.0/lib/gcc/sh3eb-elf/9.2.0 -L/home/sylvain/opt/sh-elf-2.32-9.2.0/lib/gcc/sh3eb-elf/9.2.0/../../../../sh3eb-elf/lib CMakeFiles/cmTC_df632.dir/CMakeCXXCompilerABI.cpp.obj -lgcc
/home/sylvain/opt/sh-elf-2.32-9.2.0/lib/gcc/sh3eb-elf/9.2.0/../../../../sh3eb-elf/bin/ld: warning: cannot find entry symbol start; defaulting to 0000000000001000
COLLECT_GCC_OPTIONS='-v' '-nostdlib' '-o' 'cmTC_df632'
make[1]: Leaving directory '/home/sylvain/opt/Casio/Glacial/build-cg/CMakeFiles/CMakeTmp'



Parsed CXX implicit include dir info from above output: rv=done
  found start of include info
  found start of implicit include info
    add: [/home/sylvain/opt/sh-elf-2.32-9.2.0/lib/gcc/sh3eb-elf/9.2.0/include]
    add: [/home/sylvain/opt/sh-elf-2.32-9.2.0/lib/gcc/sh3eb-elf/9.2.0/include-fixed]
  end of search list found
  collapse include dir [/home/sylvain/opt/sh-elf-2.32-9.2.0/lib/gcc/sh3eb-elf/9.2.0/include] ==> [/home/sylvain/opt/sh-elf-2.32-9.2.0/lib/gcc/sh3eb-elf/9.2.0/include]
  collapse include dir [/home/sylvain/opt/sh-elf-2.32-9.2.0/lib/gcc/sh3eb-elf/9.2.0/include-fixed] ==> [/home/sylvain/opt/sh-elf-2.32-9.2.0/lib/gcc/sh3eb-elf/9.2.0/include-fixed]
  implicit include dirs: [/home/sylvain/opt/sh-elf-2.32-9.2.0/lib/gcc/sh3eb-elf/9.2.0/include;/home/sylvain/opt/sh-elf-2.32-9.2.0/lib/gcc/sh3eb-elf/9.2.0/include-fixed]


Parsed CXX implicit link information from above output:
  link line regex: [^( *|.*[/\])(sh-elf-ld|CMAKE_LINK_STARTFILE-NOTFOUND|([^/\]+-)?ld|collect2)[^/\]*( |$)]
  ignore line: [Change Dir: /home/sylvain/opt/Casio/Glacial/build-cg/CMakeFiles/CMakeTmp]
  ignore line: []
  ignore line: [Run Build Command(s):/usr/bin/make cmTC_df632/fast && /usr/bin/make -f CMakeFiles/cmTC_df632.dir/build.make CMakeFiles/cmTC_df632.dir/build]
  ignore line: [make[1]: Entering directory '/home/sylvain/opt/Casio/Glacial/build-cg/CMakeFiles/CMakeTmp']
  ignore line: [Building CXX object CMakeFiles/cmTC_df632.dir/CMakeCXXCompilerABI.cpp.obj]
  ignore line: [/home/sylvain/opt/sh-elf-2.32-9.2.0/bin/sh-elf-g++  -DTARGET_FXCG50  -v -m4-nofpu -mb -ffreestanding -nostdlib -Wa --dsp -o CMakeFiles/cmTC_df632.dir/CMakeCXXCompilerABI.cpp.obj -c /usr/share/cmake-3.16/Modules/CMakeCXXCompilerABI.cpp]
  ignore line: [Using built-in specs.]
  ignore line: [COLLECT_GCC=/home/sylvain/opt/sh-elf-2.32-9.2.0/bin/sh-elf-g++]
  ignore line: [Target: sh3eb-elf]
  ignore line: [Configured with: ../gcc-9.2.0/configure --prefix=/home/sylvain/opt/sh-elf-2.32-9.2.0 --target=sh3eb-elf --with-multilib-list=m3 m4-nofpu --enable-languages=c c++ --without-headers --with-newlib --disable-nls --program-prefix=sh-elf-]
  ignore line: [Thread model: single]
  ignore line: [gcc version 9.2.0 (GCC) ]
  ignore line: [COLLECT_GCC_OPTIONS='-D' 'TARGET_FXCG50' '-v' '-m4-nofpu' '-mb' '-ffreestanding' '-nostdlib' '-o' 'CMakeFiles/cmTC_df632.dir/CMakeCXXCompilerABI.cpp.obj' '-c']
  ignore line: [ /home/sylvain/opt/sh-elf-2.32-9.2.0/libexec/gcc/sh3eb-elf/9.2.0/cc1plus -quiet -v -imultilib m4-nofpu -D TARGET_FXCG50 /usr/share/cmake-3.16/Modules/CMakeCXXCompilerABI.cpp -quiet -dumpbase CMakeCXXCompilerABI.cpp -m4-nofpu -mb -auxbase-strip CMakeFiles/cmTC_df632.dir/CMakeCXXCompilerABI.cpp.obj -version -ffreestanding -o /tmp/cckIC1zL.s]
  ignore line: [GNU C++14 (GCC) version 9.2.0 (sh3eb-elf)]
  ignore line: [	compiled by GNU C version 9.3.0  GMP version 6.2.0  MPFR version 4.0.2  MPC version 1.1.0  isl version none]
  ignore line: [GGC heuristics: --param ggc-min-expand=100 --param ggc-min-heapsize=131072]
  ignore line: [ignoring nonexistent directory "/home/sylvain/opt/sh-elf-2.32-9.2.0/lib/gcc/sh3eb-elf/9.2.0/../../../../sh3eb-elf/include/c++/9.2.0"]
  ignore line: [ignoring nonexistent directory "/home/sylvain/opt/sh-elf-2.32-9.2.0/lib/gcc/sh3eb-elf/9.2.0/../../../../sh3eb-elf/include/c++/9.2.0/sh3eb-elf/m4-nofpu"]
  ignore line: [ignoring nonexistent directory "/home/sylvain/opt/sh-elf-2.32-9.2.0/lib/gcc/sh3eb-elf/9.2.0/../../../../sh3eb-elf/include/c++/9.2.0/backward"]
  ignore line: [ignoring nonexistent directory "/home/sylvain/opt/sh-elf-2.32-9.2.0/lib/gcc/sh3eb-elf/9.2.0/../../../../sh3eb-elf/sys-include"]
  ignore line: [ignoring nonexistent directory "/home/sylvain/opt/sh-elf-2.32-9.2.0/lib/gcc/sh3eb-elf/9.2.0/../../../../sh3eb-elf/include"]
  ignore line: [#include "..." search starts here:]
  ignore line: [#include <...> search starts here:]
  ignore line: [ /home/sylvain/opt/sh-elf-2.32-9.2.0/lib/gcc/sh3eb-elf/9.2.0/include]
  ignore line: [ /home/sylvain/opt/sh-elf-2.32-9.2.0/lib/gcc/sh3eb-elf/9.2.0/include-fixed]
  ignore line: [End of search list.]
  ignore line: [GNU C++14 (GCC) version 9.2.0 (sh3eb-elf)]
  ignore line: [	compiled by GNU C version 9.3.0  GMP version 6.2.0  MPFR version 4.0.2  MPC version 1.1.0  isl version none]
  ignore line: [GGC heuristics: --param ggc-min-expand=100 --param ggc-min-heapsize=131072]
  ignore line: [Compiler executable checksum: e299f0ad84e9d95d57cc91643b471d48]
  ignore line: [COLLECT_GCC_OPTIONS='-D' 'TARGET_FXCG50' '-v' '-m4-nofpu' '-mb' '-ffreestanding' '-nostdlib' '-o' 'CMakeFiles/cmTC_df632.dir/CMakeCXXCompilerABI.cpp.obj' '-c']
  ignore line: [ /home/sylvain/opt/sh-elf-2.32-9.2.0/lib/gcc/sh3eb-elf/9.2.0/../../../../sh3eb-elf/bin/as -big --isa=sh4a-nofpu --dsp -o CMakeFiles/cmTC_df632.dir/CMakeCXXCompilerABI.cpp.obj /tmp/cckIC1zL.s]
  ignore line: [COMPILER_PATH=/home/sylvain/opt/sh-elf-2.32-9.2.0/libexec/gcc/sh3eb-elf/9.2.0/:/home/sylvain/opt/sh-elf-2.32-9.2.0/libexec/gcc/sh3eb-elf/9.2.0/:/home/sylvain/opt/sh-elf-2.32-9.2.0/libexec/gcc/sh3eb-elf/:/home/sylvain/opt/sh-elf-2.32-9.2.0/lib/gcc/sh3eb-elf/9.2.0/:/home/sylvain/opt/sh-elf-2.32-9.2.0/lib/gcc/sh3eb-elf/:/home/sylvain/opt/sh-elf-2.32-9.2.0/lib/gcc/sh3eb-elf/9.2.0/../../../../sh3eb-elf/bin/]
  ignore line: [LIBRARY_PATH=/home/sylvain/opt/sh-elf-2.32-9.2.0/lib/gcc/sh3eb-elf/9.2.0/m4-nofpu/:/home/sylvain/opt/sh-elf-2.32-9.2.0/lib/gcc/sh3eb-elf/9.2.0/:/home/sylvain/opt/sh-elf-2.32-9.2.0/lib/gcc/sh3eb-elf/9.2.0/../../../../sh3eb-elf/lib/]
  ignore line: [COLLECT_GCC_OPTIONS='-D' 'TARGET_FXCG50' '-v' '-m4-nofpu' '-mb' '-ffreestanding' '-nostdlib' '-o' 'CMakeFiles/cmTC_df632.dir/CMakeCXXCompilerABI.cpp.obj' '-c']
  ignore line: [Linking CXX executable cmTC_df632]
  ignore line: [/usr/bin/cmake -E cmake_link_script CMakeFiles/cmTC_df632.dir/link.txt --verbose=1]
  ignore line: [/home/sylvain/opt/sh-elf-2.32-9.2.0/bin/sh-elf-g++      -v -nostdlib CMakeFiles/cmTC_df632.dir/CMakeCXXCompilerABI.cpp.obj  -o cmTC_df632  -lgcc ]
  ignore line: [Using built-in specs.]
  ignore line: [COLLECT_GCC=/home/sylvain/opt/sh-elf-2.32-9.2.0/bin/sh-elf-g++]
  ignore line: [COLLECT_LTO_WRAPPER=/home/sylvain/opt/sh-elf-2.32-9.2.0/libexec/gcc/sh3eb-elf/9.2.0/lto-wrapper]
  ignore line: [Target: sh3eb-elf]
  ignore line: [Configured with: ../gcc-9.2.0/configure --prefix=/home/sylvain/opt/sh-elf-2.32-9.2.0 --target=sh3eb-elf --with-multilib-list=m3 m4-nofpu --enable-languages=c c++ --without-headers --with-newlib --disable-nls --program-prefix=sh-elf-]
  ignore line: [Thread model: single]
  ignore line: [gcc version 9.2.0 (GCC) ]
  ignore line: [COMPILER_PATH=/home/sylvain/opt/sh-elf-2.32-9.2.0/libexec/gcc/sh3eb-elf/9.2.0/:/home/sylvain/opt/sh-elf-2.32-9.2.0/libexec/gcc/sh3eb-elf/9.2.0/:/home/sylvain/opt/sh-elf-2.32-9.2.0/libexec/gcc/sh3eb-elf/:/home/sylvain/opt/sh-elf-2.32-9.2.0/lib/gcc/sh3eb-elf/9.2.0/:/home/sylvain/opt/sh-elf-2.32-9.2.0/lib/gcc/sh3eb-elf/:/home/sylvain/opt/sh-elf-2.32-9.2.0/lib/gcc/sh3eb-elf/9.2.0/../../../../sh3eb-elf/bin/]
  ignore line: [LIBRARY_PATH=/home/sylvain/opt/sh-elf-2.32-9.2.0/lib/gcc/sh3eb-elf/9.2.0/:/home/sylvain/opt/sh-elf-2.32-9.2.0/lib/gcc/sh3eb-elf/9.2.0/../../../../sh3eb-elf/lib/]
  ignore line: [COLLECT_GCC_OPTIONS='-v' '-nostdlib' '-o' 'cmTC_df632']
  link line: [ /home/sylvain/opt/sh-elf-2.32-9.2.0/libexec/gcc/sh3eb-elf/9.2.0/collect2 -plugin /home/sylvain/opt/sh-elf-2.32-9.2.0/libexec/gcc/sh3eb-elf/9.2.0/liblto_plugin.so -plugin-opt=/home/sylvain/opt/sh-elf-2.32-9.2.0/libexec/gcc/sh3eb-elf/9.2.0/lto-wrapper -plugin-opt=-fresolution=/tmp/ccvAsNgf.res -m shelf -o cmTC_df632 -L/home/sylvain/opt/sh-elf-2.32-9.2.0/lib/gcc/sh3eb-elf/9.2.0 -L/home/sylvain/opt/sh-elf-2.32-9.2.0/lib/gcc/sh3eb-elf/9.2.0/../../../../sh3eb-elf/lib CMakeFiles/cmTC_df632.dir/CMakeCXXCompilerABI.cpp.obj -lgcc]
    arg [/home/sylvain/opt/sh-elf-2.32-9.2.0/libexec/gcc/sh3eb-elf/9.2.0/collect2] ==> ignore
    arg [-plugin] ==> ignore
    arg [/home/sylvain/opt/sh-elf-2.32-9.2.0/libexec/gcc/sh3eb-elf/9.2.0/liblto_plugin.so] ==> ignore
    arg [-plugin-opt=/home/sylvain/opt/sh-elf-2.32-9.2.0/libexec/gcc/sh3eb-elf/9.2.0/lto-wrapper] ==> ignore
    arg [-plugin-opt=-fresolution=/tmp/ccvAsNgf.res] ==> ignore
    arg [-m] ==> ignore
    arg [shelf] ==> ignore
    arg [-o] ==> ignore
    arg [cmTC_df632] ==> ignore
    arg [-L/home/sylvain/opt/sh-elf-2.32-9.2.0/lib/gcc/sh3eb-elf/9.2.0] ==> dir [/home/sylvain/opt/sh-elf-2.32-9.2.0/lib/gcc/sh3eb-elf/9.2.0]
    arg [-L/home/sylvain/opt/sh-elf-2.32-9.2.0/lib/gcc/sh3eb-elf/9.2.0/../../../../sh3eb-elf/lib] ==> dir [/home/sylvain/opt/sh-elf-2.32-9.2.0/lib/gcc/sh3eb-elf/9.2.0/../../../../sh3eb-elf/lib]
    arg [CMakeFiles/cmTC_df632.dir/CMakeCXXCompilerABI.cpp.obj] ==> ignore
    arg [-lgcc] ==> lib [gcc]
  collapse library dir [/home/sylvain/opt/sh-elf-2.32-9.2.0/lib/gcc/sh3eb-elf/9.2.0] ==> [/home/sylvain/opt/sh-elf-2.32-9.2.0/lib/gcc/sh3eb-elf/9.2.0]
  collapse library dir [/home/sylvain/opt/sh-elf-2.32-9.2.0/lib/gcc/sh3eb-elf/9.2.0/../../../../sh3eb-elf/lib] ==> [/home/sylvain/opt/sh-elf-2.32-9.2.0/sh3eb-elf/lib]
  implicit libs: [gcc]
  implicit dirs: [/home/sylvain/opt/sh-elf-2.32-9.2.0/lib/gcc/sh3eb-elf/9.2.0;/home/sylvain/opt/sh-elf-2.32-9.2.0/sh3eb-elf/lib]
  implicit fwks: []


