Compiling the C compiler identification source file "CMakeCCompilerId.c" failed.
Compiler: /home/sylvain/opt/sh-elf-2.32-9.2.0/bin/sh-elf-gcc 
Build flags: 
Id flags:  

The output was:
1
/home/sylvain/opt/sh-elf-2.32-9.2.0/lib/gcc/sh3eb-elf/9.2.0/../../../../sh3eb-elf/bin/ld: /home/sylvain/opt/sh-elf-2.32-9.2.0/lib/gcc/sh3eb-elf/9.2.0/crt1.o: in function `main_k':
(.text+0x5c): undefined reference to `___setup_argv_and_call_main'
/home/sylvain/opt/sh-elf-2.32-9.2.0/lib/gcc/sh3eb-elf/9.2.0/../../../../sh3eb-elf/bin/ld: /home/sylvain/opt/sh-elf-2.32-9.2.0/lib/gcc/sh3eb-elf/9.2.0/crt1.o: in function `atexit_k':
(.text+0x64): undefined reference to `_atexit'
/home/sylvain/opt/sh-elf-2.32-9.2.0/lib/gcc/sh3eb-elf/9.2.0/../../../../sh3eb-elf/bin/ld: /home/sylvain/opt/sh-elf-2.32-9.2.0/lib/gcc/sh3eb-elf/9.2.0/libc.a(exit.c.obj): in function `_exit':
exit.c:(.text+0x8): undefined reference to `__Exit'
collect2: error: ld returned 1 exit status


Compiling the CXX compiler identification source file "CMakeCXXCompilerId.cpp" failed.
Compiler: /home/sylvain/opt/sh-elf-2.32-9.2.0/bin/sh-elf-g++ 
Build flags: 
Id flags:  

The output was:
1
/home/sylvain/opt/sh-elf-2.32-9.2.0/lib/gcc/sh3eb-elf/9.2.0/../../../../sh3eb-elf/bin/ld: cannot find -lstdc++
/home/sylvain/opt/sh-elf-2.32-9.2.0/lib/gcc/sh3eb-elf/9.2.0/../../../../sh3eb-elf/bin/ld: cannot find -lm
collect2: error: ld returned 1 exit status


